<?xml version="1.0" encoding="UTF-8"?>
<!-- Generated by org.testng.reporters.JUnitXMLReporter -->
<testsuite hostname="Rahul07" ignored="0" name="Test" tests="4" failures="3" timestamp="28 Jul 2018 20:25:35 GMT" time="47.844" errors="0">
  <testcase name="Login" time="7.228" classname="com.qa.Demo.ExtentAndLog4j.ManchesterUnitedKingdom_LoginDemo"/>
  <testcase name="SendMoney" time="0.008" classname="com.qa.Demo.ExtentAndLog4j.ManchesterUnitedKingdom_LoginDemo">
    <failure type="java.lang.AssertionError" message="expected [true] but found [false]">
      <![CDATA[java.lang.AssertionError: expected [true] but found [false]
at com.qa.Demo.ExtentAndLog4j.ManchesterUnitedKingdom_LoginDemo.SendMoney(ManchesterUnitedKingdom_LoginDemo.java:116)
... Removed 31 stack frames]]>
    </failure>
  </testcase> <!-- SendMoney -->
  <testcase name="EditProfile" time="0.004" classname="com.qa.Demo.ExtentAndLog4j.ManchesterUnitedKingdom_LoginDemo">
    <failure type="java.lang.AssertionError" message="expected [true] but found [false]">
      <![CDATA[java.lang.AssertionError: expected [true] but found [false]
at com.qa.Demo.ExtentAndLog4j.ManchesterUnitedKingdom_LoginDemo.EditProfile(ManchesterUnitedKingdom_LoginDemo.java:123)
... Removed 31 stack frames]]>
    </failure>
  </testcase> <!-- EditProfile -->
  <testcase name="Help" time="0.001" classname="com.qa.Demo.ExtentAndLog4j.ManchesterUnitedKingdom_LoginDemo">
    <failure type="java.lang.AssertionError" message="expected [true] but found [false]">
      <![CDATA[java.lang.AssertionError: expected [true] but found [false]
at com.qa.Demo.ExtentAndLog4j.ManchesterUnitedKingdom_LoginDemo.Help(ManchesterUnitedKingdom_LoginDemo.java:129)
... Removed 31 stack frames]]>
    </failure>
  </testcase> <!-- Help -->
</testsuite> <!-- Test -->
